Build started 6/21/2015 10:22:08 PM.
     1>Project "D:\Programming\C Programming\C++\Genetic Algorithm\Genetic Algorithm\Genetic Algorithm.vcxproj" on node 2 (Build target(s)).
     1>ClCompile:
         C:\Program Files (x86)\Microsoft Visual Studio 12.0\VC\bin\CL.exe /c /Zi /nologo /W3 /WX- /sdl /O2 /Oi /Oy- /GL /D WIN32 /D NDEBUG /D _CONSOLE /D _LIB /D _UNICODE /D UNICODE /Gm- /EHsc /MD /GS /Gy /fp:precise /Zc:wchar_t /Zc:forScope /Yc"stdafx.h" /Fp"Release\Genetic Algorithm.pch" /Fo"Release\\" /Fd"Release\vc120.pdb" /Gd /TP /analyze- /errorReport:prompt stdafx.cpp
         stdafx.cpp
         C:\Program Files (x86)\Microsoft Visual Studio 12.0\VC\bin\CL.exe /c /Zi /nologo /W3 /WX- /sdl /O2 /Oi /Oy- /GL /D WIN32 /D NDEBUG /D _CONSOLE /D _LIB /D _UNICODE /D UNICODE /Gm- /EHsc /MD /GS /Gy /fp:precise /Zc:wchar_t /Zc:forScope /Yu"stdafx.h" /Fp"Release\Genetic Algorithm.pch" /Fo"Release\\" /Fd"Release\vc120.pdb" /Gd /TP /analyze- /errorReport:prompt "Genetic Algorithm.cpp" Genotype.cpp Population.cpp
         Genetic Algorithm.cpp
     1>Genetic Algorithm.cpp(13): warning C4244: 'argument' : conversion from 'time_t' to 'unsigned int', possible loss of data
         Genotype.cpp
         Population.cpp
     1>Population.cpp(63): warning C4018: '<' : signed/unsigned mismatch
     1>Population.cpp(87): warning C4018: '<' : signed/unsigned mismatch
     1>Population.cpp(100): warning C4018: '<' : signed/unsigned mismatch
     1>Population.cpp(110): warning C4244: 'argument' : conversion from 'double' to 'unsigned int', possible loss of data
     1>Population.cpp(116): warning C4018: '<' : signed/unsigned mismatch
     1>Population.cpp(126): warning C4244: 'argument' : conversion from 'double' to 'unsigned int', possible loss of data
       Link:
         C:\Program Files (x86)\Microsoft Visual Studio 12.0\VC\bin\link.exe /ERRORREPORT:PROMPT /OUT:"D:\Programming\C Programming\C++\Genetic Algorithm\Release\Genetic Algorithm.exe" /INCREMENTAL:NO /NOLOGO kernel32.lib user32.lib gdi32.lib winspool.lib comdlg32.lib advapi32.lib shell32.lib ole32.lib oleaut32.lib uuid.lib odbc32.lib odbccp32.lib /MANIFEST /MANIFESTUAC:"level='asInvoker' uiAccess='false'" /manifest:embed /DEBUG /PDB:"D:\Programming\C Programming\C++\Genetic Algorithm\Release\Genetic Algorithm.pdb" /SUBSYSTEM:CONSOLE /OPT:REF /OPT:ICF /LTCG /TLBID:1 /DYNAMICBASE /NXCOMPAT /IMPLIB:"D:\Programming\C Programming\C++\Genetic Algorithm\Release\Genetic Algorithm.lib" /MACHINE:X86 /SAFESEH "Release\Genetic Algorithm.obj"
         Release\Genotype.obj
         Release\Population.obj
         Release\stdafx.obj
         Generating code
         Finished generating code
         Genetic Algorithm.vcxproj -> D:\Programming\C Programming\C++\Genetic Algorithm\Release\Genetic Algorithm.exe
     1>Done Building Project "D:\Programming\C Programming\C++\Genetic Algorithm\Genetic Algorithm\Genetic Algorithm.vcxproj" (Build target(s)).

Build succeeded.

Time Elapsed 00:00:02.33
